aws_vpc.sample: Creating...
aws_eip.nat: Creating...
aws_db_parameter_group.sample: Creating...
aws_db_option_group.sample: Creating...
aws_eip.nat: Creation complete after 1s [id=eipalloc-042539f875c5ae07e]
aws_db_option_group.sample: Creation complete after 1s [id=rds-sample-sqlserver-ex]
aws_db_parameter_group.sample: Creation complete after 2s [id=rds-sample-sqlserver-ex]
aws_vpc.sample: Creation complete after 3s [id=vpc-0ba875bbda5a3e6ad]
aws_internet_gateway.gw: Creating...
aws_subnet.private1c: Creating...
aws_subnet.public1a: Creating...
aws_subnet.private1a: Creating...
aws_security_group.ec2: Creating...
aws_subnet.private1c: Creation complete after 1s [id=subnet-09fb2469a8221561b]
aws_subnet.private1a: Creation complete after 1s [id=subnet-0501177dd2865c8c5]
aws_subnet.public1a: Creation complete after 1s [id=subnet-0e50fb66befe6e31d]
aws_nat_gateway.nat: Creating...
aws_db_subnet_group.sample: Creating...
aws_internet_gateway.gw: Creation complete after 1s [id=igw-0a8ac7580103838ac]
aws_route_table.custom: Creating...
aws_route_table.custom: Creation complete after 1s [id=rtb-0590c536489cc2c83]
aws_route_table_association.public1a: Creating...
aws_db_subnet_group.sample: Creation complete after 1s [id=rds-sample]
aws_route_table_association.public1a: Creation complete after 0s [id=rtbassoc-02e1959dfa49e0bd5]
aws_security_group.ec2: Creation complete after 3s [id=sg-0b2d955b049499b6b]
aws_security_group.rds: Creating...
aws_instance.sample: Creating...
aws_security_group.rds: Creation complete after 2s [id=sg-044bb3d43f29306b7]
aws_db_instance.sqlserver_ex: Creating...
aws_nat_gateway.nat: Still creating... [10s elapsed]
aws_instance.sample: Still creating... [10s elapsed]
aws_db_instance.sqlserver_ex: Still creating... [10s elapsed]
aws_nat_gateway.nat: Still creating... [20s elapsed]
aws_instance.sample: Still creating... [20s elapsed]
aws_db_instance.sqlserver_ex: Still creating... [20s elapsed]
aws_instance.sample: Creation complete after 23s [id=i-037173ec52f621fd3]
aws_nat_gateway.nat: Still creating... [30s elapsed]
aws_db_instance.sqlserver_ex: Still creating... [30s elapsed]
aws_nat_gateway.nat: Still creating... [40s elapsed]
aws_db_instance.sqlserver_ex: Still creating... [40s elapsed]
aws_nat_gateway.nat: Still creating... [50s elapsed]
aws_db_instance.sqlserver_ex: Still creating... [50s elapsed]
aws_nat_gateway.nat: Still creating... [1m0s elapsed]
aws_db_instance.sqlserver_ex: Still creating... [1m0s elapsed]
aws_nat_gateway.nat: Still creating... [1m10s elapsed]
aws_db_instance.sqlserver_ex: Still creating... [1m10s elapsed]
aws_nat_gateway.nat: Still creating... [1m20s elapsed]
aws_db_instance.sqlserver_ex: Still creating... [1m20s elapsed]
aws_nat_gateway.nat: Still creating... [1m30s elapsed]
aws_db_instance.sqlserver_ex: Still creating... [1m30s elapsed]
aws_nat_gateway.nat: Still creating... [1m40s elapsed]
aws_db_instance.sqlserver_ex: Still creating... [1m40s elapsed]
aws_nat_gateway.nat: Still creating... [1m50s elapsed]
aws_db_instance.sqlserver_ex: Still creating... [1m50s elapsed]
aws_nat_gateway.nat: Still creating... [2m0s elapsed]
aws_db_instance.sqlserver_ex: Still creating... [2m0s elapsed]
aws_nat_gateway.nat: Creation complete after 2m7s [id=nat-06f2f3036714f34a6]
aws_route_table.main: Creating...
aws_route_table.main: Creation complete after 1s [id=rtb-08fd24ef366094490]
aws_main_route_table_association.main: Creating...
aws_main_route_table_association.main: Creation complete after 1s [id=rtbassoc-0a691072f22b2526c]
aws_db_instance.sqlserver_ex: Still creating... [2m10s elapsed]
aws_db_instance.sqlserver_ex: Still creating... [2m20s elapsed]
aws_db_instance.sqlserver_ex: Still creating... [2m30s elapsed]
aws_db_instance.sqlserver_ex: Still creating... [2m40s elapsed]
aws_db_instance.sqlserver_ex: Still creating... [2m50s elapsed]
aws_db_instance.sqlserver_ex: Still creating... [3m0s elapsed]
aws_db_instance.sqlserver_ex: Still creating... [3m10s elapsed]
aws_db_instance.sqlserver_ex: Still creating... [3m20s elapsed]
aws_db_instance.sqlserver_ex: Still creating... [3m30s elapsed]
aws_db_instance.sqlserver_ex: Still creating... [3m40s elapsed]
aws_db_instance.sqlserver_ex: Still creating... [3m50s elapsed]
aws_db_instance.sqlserver_ex: Still creating... [4m0s elapsed]
aws_db_instance.sqlserver_ex: Still creating... [4m10s elapsed]
aws_db_instance.sqlserver_ex: Still creating... [4m20s elapsed]
aws_db_instance.sqlserver_ex: Still creating... [4m30s elapsed]
aws_db_instance.sqlserver_ex: Still creating... [4m40s elapsed]
aws_db_instance.sqlserver_ex: Still creating... [4m50s elapsed]
aws_db_instance.sqlserver_ex: Still creating... [5m0s elapsed]
aws_db_instance.sqlserver_ex: Still creating... [5m10s elapsed]
aws_db_instance.sqlserver_ex: Still creating... [5m20s elapsed]
aws_db_instance.sqlserver_ex: Still creating... [5m30s elapsed]
aws_db_instance.sqlserver_ex: Still creating... [5m40s elapsed]
aws_db_instance.sqlserver_ex: Still creating... [5m50s elapsed]
aws_db_instance.sqlserver_ex: Still creating... [6m0s elapsed]
aws_db_instance.sqlserver_ex: Still creating... [6m10s elapsed]
aws_db_instance.sqlserver_ex: Still creating... [6m20s elapsed]
aws_db_instance.sqlserver_ex: Still creating... [6m30s elapsed]
aws_db_instance.sqlserver_ex: Still creating... [6m40s elapsed]
aws_db_instance.sqlserver_ex: Still creating... [6m50s elapsed]
aws_db_instance.sqlserver_ex: Still creating... [7m0s elapsed]
aws_db_instance.sqlserver_ex: Still creating... [7m10s elapsed]
aws_db_instance.sqlserver_ex: Still creating... [7m20s elapsed]
aws_db_instance.sqlserver_ex: Still creating... [7m30s elapsed]
aws_db_instance.sqlserver_ex: Still creating... [7m40s elapsed]
aws_db_instance.sqlserver_ex: Still creating... [7m50s elapsed]
aws_db_instance.sqlserver_ex: Still creating... [8m0s elapsed]
aws_db_instance.sqlserver_ex: Still creating... [8m10s elapsed]
aws_db_instance.sqlserver_ex: Still creating... [8m20s elapsed]
aws_db_instance.sqlserver_ex: Still creating... [8m30s elapsed]
aws_db_instance.sqlserver_ex: Still creating... [8m40s elapsed]
aws_db_instance.sqlserver_ex: Still creating... [8m50s elapsed]
aws_db_instance.sqlserver_ex: Still creating... [9m0s elapsed]
aws_db_instance.sqlserver_ex: Still creating... [9m10s elapsed]
aws_db_instance.sqlserver_ex: Still creating... [9m20s elapsed]
aws_db_instance.sqlserver_ex: Still creating... [9m30s elapsed]
aws_db_instance.sqlserver_ex: Still creating... [9m40s elapsed]
aws_db_instance.sqlserver_ex: Still creating... [9m50s elapsed]
aws_db_instance.sqlserver_ex: Still creating... [10m0s elapsed]
aws_db_instance.sqlserver_ex: Still creating... [10m10s elapsed]
aws_db_instance.sqlserver_ex: Still creating... [10m20s elapsed]
aws_db_instance.sqlserver_ex: Still creating... [10m30s elapsed]
aws_db_instance.sqlserver_ex: Still creating... [10m40s elapsed]
aws_db_instance.sqlserver_ex: Still creating... [10m50s elapsed]
aws_db_instance.sqlserver_ex: Still creating... [11m0s elapsed]
aws_db_instance.sqlserver_ex: Still creating... [11m10s elapsed]
aws_db_instance.sqlserver_ex: Still creating... [11m20s elapsed]
aws_db_instance.sqlserver_ex: Still creating... [11m30s elapsed]
aws_db_instance.sqlserver_ex: Still creating... [11m40s elapsed]
aws_db_instance.sqlserver_ex: Creation complete after 11m47s [id=rds-sample-sqlserver]

Apply complete! Resources: 18 added, 0 changed, 0 destroyed.
